<?xml version="1.0" encoding="UTF-8"?>
<!-- Generated by org.testng.reporters.JUnitReportReporter -->
<testsuite hostname="Jhoncy" failures="0" tests="3" name="tdd.testng.other.A1_Priority" time="0.055" errors="0" timestamp="2023-01-05T17:33:06 IST" skipped="0">
  <testcase classname="tdd.testng.other.A1_Priority" name="family" time="0.038"/>
  <system-out/>
  <testcase classname="tdd.testng.other.A1_Priority" name="friend" time="0.007"/>
  <system-out/>
  <testcase classname="tdd.testng.other.A1_Priority" name="Friends" time="0.010"/>
  <system-out/>
</testsuite> <!-- tdd.testng.other.A1_Priority -->
