<?xml version="1.0" encoding="UTF-8"?>
<!-- Generated by org.testng.reporters.JUnitReportReporter -->
<testsuite hostname="Jhoncy" failures="0" tests="2" name="tdd.testng.other.A5_Expected_Exception" time="0.044" errors="0" timestamp="2023-01-05T22:27:55 IST" skipped="0">
  <testcase classname="tdd.testng.other.A5_Expected_Exception" name="normal_output" time="0.008"/>
  <system-out/>
  <testcase classname="tdd.testng.other.A5_Expected_Exception" name="error_output" time="0.036"/>
  <system-out/>
</testsuite> <!-- tdd.testng.other.A5_Expected_Exception -->
