<?xml version="1.0" encoding="UTF-8"?>
<!-- Generated by org.testng.reporters.JUnitReportReporter -->
<testsuite hostname="Jhoncy" failures="0" tests="3" name="tdd.testng.other.A10_Time_Out" time="10.089" errors="0" timestamp="2023-01-06T01:58:12 IST" skipped="0">
  <testcase classname="tdd.testng.other.A10_Time_Out" name="get_bus" time="5.061"/>
  <system-out/>
  <testcase classname="tdd.testng.other.A10_Time_Out" name="get_cab" time="5.017"/>
  <system-out/>
  <testcase classname="tdd.testng.other.A10_Time_Out" name="get_bike" time="0.011"/>
  <system-out/>
</testsuite> <!-- tdd.testng.other.A10_Time_Out -->
