<?xml version="1.0" encoding="UTF-8"?>
<!-- Generated by org.testng.reporters.JUnitReportReporter -->
<testsuite hostname="Jhoncy" failures="0" tests="3" name="test.tdd.testng.TestNG_Run" time="0.081" errors="0" timestamp="2022-12-29T12:44:25 IST" skipped="0">
  <testcase classname="test.tdd.testng.TestNG_Run" name="test1" time="0.040"/>
  <system-out/>
  <testcase classname="test.tdd.testng.TestNG_Run" name="test3" time="0.022"/>
  <system-out/>
  <testcase classname="test.tdd.testng.TestNG_Run" name="test2" time="0.019"/>
  <system-out/>
</testsuite> <!-- test.tdd.testng.TestNG_Run -->
