<?xml version="1.0" encoding="UTF-8"?>
<!-- Generated by org.testng.reporters.JUnitReportReporter -->
<testsuite hostname="Jhoncy" failures="0" tests="3" name="tdd.testng.other.A11_Parallel_Testing" time="0.126" errors="0" timestamp="2023-01-06T02:40:02 IST" skipped="0">
  <testcase classname="tdd.testng.other.A11_Parallel_Testing" name="edge_test" time="0.047"/>
  <system-out/>
  <testcase classname="tdd.testng.other.A11_Parallel_Testing" name="chrome_test" time="0.041"/>
  <system-out/>
  <testcase classname="tdd.testng.other.A11_Parallel_Testing" name="firefox_test" time="0.038"/>
  <system-out/>
</testsuite> <!-- tdd.testng.other.A11_Parallel_Testing -->
