<?xml version="1.0" encoding="UTF-8"?>
<!-- Generated by org.testng.reporters.JUnitReportReporter -->
<testsuite hostname="Jhoncy" failures="0" tests="1" name="tdd.testng.TestNG_Run" time="22.033" errors="0" timestamp="2023-01-09T10:28:41 IST" skipped="0">
  <testcase classname="tdd.testng.TestNG_Run" name="orange_hrm" time="22.033"/>
  <system-out/>
</testsuite> <!-- tdd.testng.TestNG_Run -->
