<?xml version="1.0" encoding="UTF-8"?>
<!-- Generated by org.testng.reporters.JUnitReportReporter -->
<testsuite hostname="Jhoncy" failures="0" tests="1" name="tdd.testng.other.A4_Description" time="0.050" errors="0" timestamp="2023-01-05T21:20:44 IST" skipped="0">
  <testcase classname="tdd.testng.other.A4_Description" name="print_message" time="0.050"/>
  <system-out/>
</testsuite> <!-- tdd.testng.other.A4_Description -->
