<?xml version="1.0" encoding="UTF-8"?>
<!-- Generated by org.testng.reporters.JUnitReportReporter -->
<testsuite hostname="Jhoncy" failures="0" tests="3" name="tdd.testng.other.A6_Depends_On_Methods" time="0.073" errors="0" timestamp="2023-01-05T23:10:10 IST" skipped="0">
  <testcase classname="tdd.testng.other.A6_Depends_On_Methods" name="city_chennai" time="0.023"/>
  <system-out/>
  <testcase classname="tdd.testng.other.A6_Depends_On_Methods" name="state_tamilnadu" time="0.043"/>
  <system-out/>
  <testcase classname="tdd.testng.other.A6_Depends_On_Methods" name="country_india" time="0.007"/>
  <system-out/>
</testsuite> <!-- tdd.testng.other.A6_Depends_On_Methods -->
