<?xml version="1.0" encoding="UTF-8"?>
<!-- Generated by org.testng.reporters.JUnitReportReporter -->
<testsuite hostname="Jhoncy" failures="0" tests="2" name="tdd.testng.other.A8_Ignore" time="0.040" errors="0" timestamp="2023-01-06T01:15:31 IST" skipped="0">
  <testcase classname="tdd.testng.other.A8_Ignore" name="happiness" time="0.029"/>
  <system-out/>
  <testcase classname="tdd.testng.other.A8_Ignore" name="sadness" time="0.011"/>
  <system-out/>
</testsuite> <!-- tdd.testng.other.A8_Ignore -->
