<?xml version="1.0" encoding="UTF-8"?>
<!-- Generated by org.testng.reporters.JUnitReportReporter -->
<testsuite hostname="Jhoncy" failures="0" tests="2" name="tdd.testng.other.A9_Groups" time="0.038" errors="0" timestamp="2023-01-06T01:35:25 IST" skipped="0">
  <testcase classname="tdd.testng.other.A9_Groups" name="test_team" time="0.010"/>
  <system-out/>
  <testcase classname="tdd.testng.other.A9_Groups" name="dev_team" time="0.028"/>
  <system-out/>
</testsuite> <!-- tdd.testng.other.A9_Groups -->
