<?xml version="1.0" encoding="UTF-8"?>
<!-- Generated by org.testng.reporters.JUnitReportReporter -->
<testsuite hostname="Jhoncy" failures="0" tests="1" name="rest.api.Rest_API" time="15.835" errors="0" timestamp="2023-01-20T17:01:15 IST" skipped="0">
  <testcase classname="rest.api.Rest_API" name="url_launch" time="15.835"/>
  <system-out/>
</testsuite> <!-- rest.api.Rest_API -->
