<?xml version="1.0" encoding="UTF-8"?>
<!-- Generated by org.testng.reporters.JUnitReportReporter -->
<testsuite hostname="Jhoncy" failures="0" tests="41" name="tdd.testng.other.A2_Invocation_Count" time="0.501" errors="0" timestamp="2023-01-05T18:10:27 IST" skipped="0">
  <testcase classname="tdd.testng.other.A2_Invocation_Count" name="star_line1" time="0.015"/>
  <system-out/>
  <testcase classname="tdd.testng.other.A2_Invocation_Count" name="star_line1" time="0.006"/>
  <system-out/>
  <testcase classname="tdd.testng.other.A2_Invocation_Count" name="star_line1" time="0.008"/>
  <system-out/>
  <testcase classname="tdd.testng.other.A2_Invocation_Count" name="star_line1" time="0.008"/>
  <system-out/>
  <testcase classname="tdd.testng.other.A2_Invocation_Count" name="star_line1" time="0.017"/>
  <system-out/>
  <testcase classname="tdd.testng.other.A2_Invocation_Count" name="star_line1" time="0.008"/>
  <system-out/>
  <testcase classname="tdd.testng.other.A2_Invocation_Count" name="star_line1" time="0.005"/>
  <system-out/>
  <testcase classname="tdd.testng.other.A2_Invocation_Count" name="star_line1" time="0.039"/>
  <system-out/>
  <testcase classname="tdd.testng.other.A2_Invocation_Count" name="star_line1" time="0.005"/>
  <system-out/>
  <testcase classname="tdd.testng.other.A2_Invocation_Count" name="star_line1" time="0.007"/>
  <system-out/>
  <testcase classname="tdd.testng.other.A2_Invocation_Count" name="star_line1" time="0.010"/>
  <system-out/>
  <testcase classname="tdd.testng.other.A2_Invocation_Count" name="star_line1" time="0.007"/>
  <system-out/>
  <testcase classname="tdd.testng.other.A2_Invocation_Count" name="star_line1" time="0.005"/>
  <system-out/>
  <testcase classname="tdd.testng.other.A2_Invocation_Count" name="star_line1" time="0.007"/>
  <system-out/>
  <testcase classname="tdd.testng.other.A2_Invocation_Count" name="star_line1" time="0.010"/>
  <system-out/>
  <testcase classname="tdd.testng.other.A2_Invocation_Count" name="star_line1" time="0.009"/>
  <system-out/>
  <testcase classname="tdd.testng.other.A2_Invocation_Count" name="star_line1" time="0.007"/>
  <system-out/>
  <testcase classname="tdd.testng.other.A2_Invocation_Count" name="star_line1" time="0.008"/>
  <system-out/>
  <testcase classname="tdd.testng.other.A2_Invocation_Count" name="star_line1" time="0.016"/>
  <system-out/>
  <testcase classname="tdd.testng.other.A2_Invocation_Count" name="star_line1" time="0.014"/>
  <system-out/>
  <testcase classname="tdd.testng.other.A2_Invocation_Count" name="my_name" time="0.025"/>
  <system-out/>
  <testcase classname="tdd.testng.other.A2_Invocation_Count" name="star_line2" time="0.010"/>
  <system-out/>
  <testcase classname="tdd.testng.other.A2_Invocation_Count" name="star_line2" time="0.013"/>
  <system-out/>
  <testcase classname="tdd.testng.other.A2_Invocation_Count" name="star_line2" time="0.013"/>
  <system-out/>
  <testcase classname="tdd.testng.other.A2_Invocation_Count" name="star_line2" time="0.010"/>
  <system-out/>
  <testcase classname="tdd.testng.other.A2_Invocation_Count" name="star_line2" time="0.021"/>
  <system-out/>
  <testcase classname="tdd.testng.other.A2_Invocation_Count" name="star_line2" time="0.020"/>
  <system-out/>
  <testcase classname="tdd.testng.other.A2_Invocation_Count" name="star_line2" time="0.011"/>
  <system-out/>
  <testcase classname="tdd.testng.other.A2_Invocation_Count" name="star_line2" time="0.015"/>
  <system-out/>
  <testcase classname="tdd.testng.other.A2_Invocation_Count" name="star_line2" time="0.026"/>
  <system-out/>
  <testcase classname="tdd.testng.other.A2_Invocation_Count" name="star_line2" time="0.010"/>
  <system-out/>
  <testcase classname="tdd.testng.other.A2_Invocation_Count" name="star_line2" time="0.017"/>
  <system-out/>
  <testcase classname="tdd.testng.other.A2_Invocation_Count" name="star_line2" time="0.003"/>
  <system-out/>
  <testcase classname="tdd.testng.other.A2_Invocation_Count" name="star_line2" time="0.012"/>
  <system-out/>
  <testcase classname="tdd.testng.other.A2_Invocation_Count" name="star_line2" time="0.015"/>
  <system-out/>
  <testcase classname="tdd.testng.other.A2_Invocation_Count" name="star_line2" time="0.009"/>
  <system-out/>
  <testcase classname="tdd.testng.other.A2_Invocation_Count" name="star_line2" time="0.009"/>
  <system-out/>
  <testcase classname="tdd.testng.other.A2_Invocation_Count" name="star_line2" time="0.011"/>
  <system-out/>
  <testcase classname="tdd.testng.other.A2_Invocation_Count" name="star_line2" time="0.012"/>
  <system-out/>
  <testcase classname="tdd.testng.other.A2_Invocation_Count" name="star_line2" time="0.016"/>
  <system-out/>
  <testcase classname="tdd.testng.other.A2_Invocation_Count" name="star_line2" time="0.012"/>
  <system-out/>
</testsuite> <!-- tdd.testng.other.A2_Invocation_Count -->
